  stdafx.cpp
  AoSSimCPP.cpp
s:\benfclark\documents\github\aossimcpp\aossimcpp\stats.h(19): error C2504: 'GameEntity': base class undefined
s:\benfclark\documents\github\aossimcpp\aossimcpp\model.h(14): error C2504: 'GameEntity': base class undefined
s:\benfclark\documents\github\aossimcpp\aossimcpp\model.h(20): error C2065: 'Weapon': undeclared identifier
s:\benfclark\documents\github\aossimcpp\aossimcpp\model.h(20): error C2059: syntax error: '>'
s:\benfclark\documents\github\aossimcpp\aossimcpp\model.h(20): error C2976: 'std::vector': too few template arguments
  c:\program files (x86)\microsoft visual studio\2017\community\vc\tools\msvc\14.15.26726\include\vector(625): note: see declaration of 'std::vector'
s:\benfclark\documents\github\aossimcpp\aossimcpp\model.h(34): error C2061: syntax error: identifier 'Weapon'
s:\benfclark\documents\github\aossimcpp\aossimcpp\model.h(43): error C2065: 'Faction': undeclared identifier
s:\benfclark\documents\github\aossimcpp\aossimcpp\faction.h(8): error C2065: 'Weapon': undeclared identifier
s:\benfclark\documents\github\aossimcpp\aossimcpp\faction.h(8): error C2923: 'std::unordered_map': 'Weapon' is not a valid template type argument for parameter '_Ty'
c:\program files (x86)\microsoft visual studio\2017\community\vc\tools\msvc\14.15.26726\include\unordered_map(93): error C3203: 'pair': unspecialized class template can't be used as a template argument for template parameter '_Ty', expected a real type
s:\benfclark\documents\github\aossimcpp\aossimcpp\faction.h(16): error C2061: syntax error: identifier 'Weapon'
s:\benfclark\documents\github\aossimcpp\aossimcpp\faction.h(22): error C2143: syntax error: missing ';' before '*'
s:\benfclark\documents\github\aossimcpp\aossimcpp\faction.h(22): error C4430: missing type specifier - int assumed. Note: C++ does not support default-int
s:\benfclark\documents\github\aossimcpp\aossimcpp\faction.h(22): error C2238: unexpected token(s) preceding ';'
s:\benfclark\documents\github\aossimcpp\aossimcpp\aossimcpp.cpp(77): warning C4244: 'initializing': conversion from 'float' to 'int', possible loss of data
s:\benfclark\documents\github\aossimcpp\aossimcpp\aossimcpp.cpp(81): warning C4996: 'localtime': This function or variable may be unsafe. Consider using localtime_s instead. To disable deprecation, use _CRT_SECURE_NO_WARNINGS. See online help for details.
  c:\program files (x86)\windows kits\10\include\10.0.15063.0\ucrt\time.h(505): note: see declaration of 'localtime'
s:\benfclark\documents\github\aossimcpp\aossimcpp\aossimcpp.cpp(149): error C2039: 'GetName': is not a member of 'Model'
  s:\benfclark\documents\github\aossimcpp\aossimcpp\model.h(13): note: see declaration of 'Model'
s:\benfclark\documents\github\aossimcpp\aossimcpp\aossimcpp.cpp(149): error C2660: 'Numberwang': function does not take 1 arguments
  s:\benfclark\documents\github\aossimcpp\aossimcpp\aossimcpp.cpp(54): note: see declaration of 'Numberwang'
  Battle.cpp
s:\benfclark\documents\github\aossimcpp\aossimcpp\faction.h(8): error C2065: 'Weapon': undeclared identifier
s:\benfclark\documents\github\aossimcpp\aossimcpp\faction.h(8): error C2923: 'std::unordered_map': 'Weapon' is not a valid template type argument for parameter '_Ty'
c:\program files (x86)\microsoft visual studio\2017\community\vc\tools\msvc\14.15.26726\include\unordered_map(93): error C3203: 'pair': unspecialized class template can't be used as a template argument for template parameter '_Ty', expected a real type
s:\benfclark\documents\github\aossimcpp\aossimcpp\faction.h(9): error C2065: 'Model': undeclared identifier
s:\benfclark\documents\github\aossimcpp\aossimcpp\faction.h(9): error C2923: 'std::unordered_map': 'Model' is not a valid template type argument for parameter '_Ty'
s:\benfclark\documents\github\aossimcpp\aossimcpp\faction.h(16): error C2061: syntax error: identifier 'Weapon'
s:\benfclark\documents\github\aossimcpp\aossimcpp\faction.h(17): error C2061: syntax error: identifier 'Model'
s:\benfclark\documents\github\aossimcpp\aossimcpp\faction.h(22): error C2143: syntax error: missing ';' before '*'
s:\benfclark\documents\github\aossimcpp\aossimcpp\faction.h(22): error C4430: missing type specifier - int assumed. Note: C++ does not support default-int
s:\benfclark\documents\github\aossimcpp\aossimcpp\faction.h(22): error C2238: unexpected token(s) preceding ';'
s:\benfclark\documents\github\aossimcpp\aossimcpp\faction.h(23): error C2143: syntax error: missing ';' before '*'
s:\benfclark\documents\github\aossimcpp\aossimcpp\faction.h(23): error C4430: missing type specifier - int assumed. Note: C++ does not support default-int
s:\benfclark\documents\github\aossimcpp\aossimcpp\faction.h(23): error C2238: unexpected token(s) preceding ';'
  Die.cpp
  Faction.cpp
  FactionTable.cpp
s:\benfclark\documents\github\aossimcpp\aossimcpp\stats.h(19): error C2504: 'GameEntity': base class undefined
s:\benfclark\documents\github\aossimcpp\aossimcpp\model.h(14): error C2504: 'GameEntity': base class undefined
s:\benfclark\documents\github\aossimcpp\aossimcpp\model.h(20): error C2065: 'Weapon': undeclared identifier
s:\benfclark\documents\github\aossimcpp\aossimcpp\model.h(20): error C2059: syntax error: '>'
s:\benfclark\documents\github\aossimcpp\aossimcpp\model.h(20): error C2976: 'std::vector': too few template arguments
  c:\program files (x86)\microsoft visual studio\2017\community\vc\tools\msvc\14.15.26726\include\vector(625): note: see declaration of 'std::vector'
s:\benfclark\documents\github\aossimcpp\aossimcpp\model.h(34): error C2061: syntax error: identifier 'Weapon'
s:\benfclark\documents\github\aossimcpp\aossimcpp\model.h(43): error C2065: 'Faction': undeclared identifier
s:\benfclark\documents\github\aossimcpp\aossimcpp\faction.h(8): error C2065: 'Weapon': undeclared identifier
s:\benfclark\documents\github\aossimcpp\aossimcpp\faction.h(8): error C2923: 'std::unordered_map': 'Weapon' is not a valid template type argument for parameter '_Ty'
c:\program files (x86)\microsoft visual studio\2017\community\vc\tools\msvc\14.15.26726\include\unordered_map(93): error C3203: 'pair': unspecialized class template can't be used as a template argument for template parameter '_Ty', expected a real type
s:\benfclark\documents\github\aossimcpp\aossimcpp\faction.h(16): error C2061: syntax error: identifier 'Weapon'
s:\benfclark\documents\github\aossimcpp\aossimcpp\faction.h(22): error C2143: syntax error: missing ';' before '*'
s:\benfclark\documents\github\aossimcpp\aossimcpp\faction.h(22): error C4430: missing type specifier - int assumed. Note: C++ does not support default-int
s:\benfclark\documents\github\aossimcpp\aossimcpp\faction.h(22): error C2238: unexpected token(s) preceding ';'
s:\benfclark\documents\github\aossimcpp\aossimcpp\factiontable.cpp(34): warning C4244: 'argument': conversion from 'uint16_t' to 'uint8_t', possible loss of data
s:\benfclark\documents\github\aossimcpp\aossimcpp\factiontable.cpp(34): error C2660: 'Faction::AddWeapon': function does not take 1 arguments
  s:\benfclark\documents\github\aossimcpp\aossimcpp\faction.h(16): note: see declaration of 'Faction::AddWeapon'
s:\benfclark\documents\github\aossimcpp\aossimcpp\factiontable.cpp(69): error C2039: 'GetWeapon': is not a member of 'Faction'
  s:\benfclark\documents\github\aossimcpp\aossimcpp\faction.h(5): note: see declaration of 'Faction'
s:\benfclark\documents\github\aossimcpp\aossimcpp\factiontable.cpp(76): error C2660: 'Model::AddWeapon': function does not take 2 arguments
  s:\benfclark\documents\github\aossimcpp\aossimcpp\model.h(34): note: see declaration of 'Model::AddWeapon'
s:\benfclark\documents\github\aossimcpp\aossimcpp\factiontable.cpp(100): error C2572: 'FactionTable::GetWeapon': redefinition of default argument: parameter 1
  s:\benfclark\documents\github\aossimcpp\aossimcpp\factiontable.h(27): note: see declaration of 'FactionTable::GetWeapon'
s:\benfclark\documents\github\aossimcpp\aossimcpp\factiontable.cpp(107): error C2039: 'GetWeapon': is not a member of 'Faction'
  s:\benfclark\documents\github\aossimcpp\aossimcpp\faction.h(5): note: see declaration of 'Faction'
s:\benfclark\documents\github\aossimcpp\aossimcpp\factiontable.cpp(182): warning C4018: '<': signed/unsigned mismatch
  GameEntity.cpp
s:\benfclark\documents\github\aossimcpp\aossimcpp\stats.h(19): error C2504: 'GameEntity': base class undefined
s:\benfclark\documents\github\aossimcpp\aossimcpp\weapon.h(12): error C2504: 'GameEntity': base class undefined
s:\benfclark\documents\github\aossimcpp\aossimcpp\model.h(14): error C2504: 'GameEntity': base class undefined
s:\benfclark\documents\github\aossimcpp\aossimcpp\model.h(43): error C2065: 'Faction': undeclared identifier
  Model.cpp
s:\benfclark\documents\github\aossimcpp\aossimcpp\faction.h(8): error C2065: 'Weapon': undeclared identifier
s:\benfclark\documents\github\aossimcpp\aossimcpp\faction.h(8): error C2923: 'std::unordered_map': 'Weapon' is not a valid template type argument for parameter '_Ty'
c:\program files (x86)\microsoft visual studio\2017\community\vc\tools\msvc\14.15.26726\include\unordered_map(93): error C3203: 'pair': unspecialized class template can't be used as a template argument for template parameter '_Ty', expected a real type
s:\benfclark\documents\github\aossimcpp\aossimcpp\faction.h(9): error C2065: 'Model': undeclared identifier
s:\benfclark\documents\github\aossimcpp\aossimcpp\faction.h(9): error C2923: 'std::unordered_map': 'Model' is not a valid template type argument for parameter '_Ty'
s:\benfclark\documents\github\aossimcpp\aossimcpp\faction.h(16): error C2061: syntax error: identifier 'Weapon'
s:\benfclark\documents\github\aossimcpp\aossimcpp\faction.h(17): error C2061: syntax error: identifier 'Model'
s:\benfclark\documents\github\aossimcpp\aossimcpp\faction.h(22): error C2143: syntax error: missing ';' before '*'
s:\benfclark\documents\github\aossimcpp\aossimcpp\faction.h(22): error C4430: missing type specifier - int assumed. Note: C++ does not support default-int
s:\benfclark\documents\github\aossimcpp\aossimcpp\faction.h(22): error C2238: unexpected token(s) preceding ';'
s:\benfclark\documents\github\aossimcpp\aossimcpp\faction.h(23): error C2143: syntax error: missing ';' before '*'
s:\benfclark\documents\github\aossimcpp\aossimcpp\faction.h(23): error C4430: missing type specifier - int assumed. Note: C++ does not support default-int
s:\benfclark\documents\github\aossimcpp\aossimcpp\faction.h(23): error C2238: unexpected token(s) preceding ';'
s:\benfclark\documents\github\aossimcpp\aossimcpp\model.cpp(13): warning C4244: 'argument': conversion from 'uint16_t' to 'int8_t', possible loss of data
  Stats.cpp
s:\benfclark\documents\github\aossimcpp\aossimcpp\weapon.h(12): error C2504: 'GameEntity': base class undefined
s:\benfclark\documents\github\aossimcpp\aossimcpp\weapon.h(16): error C3646: 'myStats': unknown override specifier
s:\benfclark\documents\github\aossimcpp\aossimcpp\weapon.h(16): error C4430: missing type specifier - int assumed. Note: C++ does not support default-int
s:\benfclark\documents\github\aossimcpp\aossimcpp\model.h(14): error C2504: 'GameEntity': base class undefined
s:\benfclark\documents\github\aossimcpp\aossimcpp\model.h(17): error C3646: 'myStats': unknown override specifier
s:\benfclark\documents\github\aossimcpp\aossimcpp\model.h(17): error C4430: missing type specifier - int assumed. Note: C++ does not support default-int
s:\benfclark\documents\github\aossimcpp\aossimcpp\model.h(43): error C2065: 'Faction': undeclared identifier
  Unit.cpp
s:\benfclark\documents\github\aossimcpp\aossimcpp\faction.h(8): error C2065: 'Weapon': undeclared identifier
s:\benfclark\documents\github\aossimcpp\aossimcpp\faction.h(8): error C2923: 'std::unordered_map': 'Weapon' is not a valid template type argument for parameter '_Ty'
c:\program files (x86)\microsoft visual studio\2017\community\vc\tools\msvc\14.15.26726\include\unordered_map(93): error C3203: 'pair': unspecialized class template can't be used as a template argument for template parameter '_Ty', expected a real type
s:\benfclark\documents\github\aossimcpp\aossimcpp\faction.h(9): error C2065: 'Model': undeclared identifier
s:\benfclark\documents\github\aossimcpp\aossimcpp\faction.h(9): error C2923: 'std::unordered_map': 'Model' is not a valid template type argument for parameter '_Ty'
s:\benfclark\documents\github\aossimcpp\aossimcpp\faction.h(16): error C2061: syntax error: identifier 'Weapon'
s:\benfclark\documents\github\aossimcpp\aossimcpp\faction.h(17): error C2061: syntax error: identifier 'Model'
s:\benfclark\documents\github\aossimcpp\aossimcpp\faction.h(22): error C2143: syntax error: missing ';' before '*'
s:\benfclark\documents\github\aossimcpp\aossimcpp\faction.h(22): error C4430: missing type specifier - int assumed. Note: C++ does not support default-int
s:\benfclark\documents\github\aossimcpp\aossimcpp\faction.h(22): error C2238: unexpected token(s) preceding ';'
s:\benfclark\documents\github\aossimcpp\aossimcpp\faction.h(23): error C2143: syntax error: missing ';' before '*'
s:\benfclark\documents\github\aossimcpp\aossimcpp\faction.h(23): error C4430: missing type specifier - int assumed. Note: C++ does not support default-int
s:\benfclark\documents\github\aossimcpp\aossimcpp\faction.h(23): error C2238: unexpected token(s) preceding ';'
s:\benfclark\documents\github\aossimcpp\aossimcpp\unit.cpp(9): warning C4244: '=': conversion from 'double' to 'uint8_t', possible loss of data
s:\benfclark\documents\github\aossimcpp\aossimcpp\unit.cpp(42): error C2039: 'GetStats': is not a member of 'Model'
  s:\benfclark\documents\github\aossimcpp\aossimcpp\model.h(13): note: see declaration of 'Model'
s:\benfclark\documents\github\aossimcpp\aossimcpp\unit.cpp(46): error C2039: 'GetStats': is not a member of 'Model'
  s:\benfclark\documents\github\aossimcpp\aossimcpp\model.h(13): note: see declaration of 'Model'
s:\benfclark\documents\github\aossimcpp\aossimcpp\unit.cpp(58): warning C4244: 'initializing': conversion from 'double' to 'int', possible loss of data
s:\benfclark\documents\github\aossimcpp\aossimcpp\unit.cpp(59): error C2039: 'GetStats': is not a member of 'Model'
  s:\benfclark\documents\github\aossimcpp\aossimcpp\model.h(13): note: see declaration of 'Model'
s:\benfclark\documents\github\aossimcpp\aossimcpp\unit.cpp(62): warning C4018: '>=': signed/unsigned mismatch
  Weapon.cpp
s:\benfclark\documents\github\aossimcpp\aossimcpp\stats.h(19): error C2504: 'GameEntity': base class undefined
s:\benfclark\documents\github\aossimcpp\aossimcpp\model.h(14): error C2504: 'GameEntity': base class undefined
s:\benfclark\documents\github\aossimcpp\aossimcpp\model.h(20): error C2065: 'Weapon': undeclared identifier
s:\benfclark\documents\github\aossimcpp\aossimcpp\model.h(20): error C2059: syntax error: '>'
s:\benfclark\documents\github\aossimcpp\aossimcpp\model.h(20): error C2976: 'std::vector': too few template arguments
  c:\program files (x86)\microsoft visual studio\2017\community\vc\tools\msvc\14.15.26726\include\vector(625): note: see declaration of 'std::vector'
s:\benfclark\documents\github\aossimcpp\aossimcpp\model.h(34): error C2061: syntax error: identifier 'Weapon'
s:\benfclark\documents\github\aossimcpp\aossimcpp\model.h(43): error C2065: 'Faction': undeclared identifier
s:\benfclark\documents\github\aossimcpp\aossimcpp\faction.h(8): error C2065: 'Weapon': undeclared identifier
s:\benfclark\documents\github\aossimcpp\aossimcpp\faction.h(8): error C2923: 'std::unordered_map': 'Weapon' is not a valid template type argument for parameter '_Ty'
c:\program files (x86)\microsoft visual studio\2017\community\vc\tools\msvc\14.15.26726\include\unordered_map(93): error C3203: 'pair': unspecialized class template can't be used as a template argument for template parameter '_Ty', expected a real type
s:\benfclark\documents\github\aossimcpp\aossimcpp\faction.h(16): error C2061: syntax error: identifier 'Weapon'
s:\benfclark\documents\github\aossimcpp\aossimcpp\faction.h(22): error C2143: syntax error: missing ';' before '*'
s:\benfclark\documents\github\aossimcpp\aossimcpp\faction.h(22): error C4430: missing type specifier - int assumed. Note: C++ does not support default-int
s:\benfclark\documents\github\aossimcpp\aossimcpp\faction.h(22): error C2238: unexpected token(s) preceding ';'
