c:\users\benfclark\documents\github\aossimcpp\aossimcpp\debug\aossimcpp.pch
c:\users\benfclark\documents\github\aossimcpp\aossimcpp\debug\vc141.pdb
c:\users\benfclark\documents\github\aossimcpp\aossimcpp\debug\vc141.idb
c:\users\benfclark\documents\github\aossimcpp\aossimcpp\debug\stdafx.obj
c:\users\benfclark\documents\github\aossimcpp\aossimcpp\debug\die.obj
c:\users\benfclark\documents\github\aossimcpp\aossimcpp\debug\model.obj
c:\users\benfclark\documents\github\aossimcpp\aossimcpp\debug\weapon.obj
c:\users\benfclark\documents\github\aossimcpp\aossimcpp\debug\aossimcpp.obj
c:\users\benfclark\documents\github\aossimcpp\aossimcpp\debug\datatables.obj
c:\users\benfclark\documents\github\aossimcpp\aossimcpp\debug\factiontable.obj
c:\users\benfclark\documents\github\aossimcpp\aossimcpp\debug\faction.obj
c:\users\benfclark\documents\github\aossimcpp\aossimcpp\debug\aossimcpp.pdb
c:\users\benfclark\documents\github\aossimcpp\aossimcpp\debug\aossimcpp.tlog\cl.command.1.tlog
c:\users\benfclark\documents\github\aossimcpp\aossimcpp\debug\aossimcpp.tlog\cl.read.1.tlog
c:\users\benfclark\documents\github\aossimcpp\aossimcpp\debug\aossimcpp.tlog\cl.write.1.tlog
c:\users\benfclark\documents\github\aossimcpp\aossimcpp\debug\aossimcpp.tlog\link-cvtres.read.1.tlog
c:\users\benfclark\documents\github\aossimcpp\aossimcpp\debug\aossimcpp.tlog\link-cvtres.write.1.tlog
c:\users\benfclark\documents\github\aossimcpp\aossimcpp\debug\aossimcpp.tlog\link-rc.read.1.tlog
c:\users\benfclark\documents\github\aossimcpp\aossimcpp\debug\aossimcpp.tlog\link-rc.write.1.tlog
c:\users\benfclark\documents\github\aossimcpp\aossimcpp\debug\aossimcpp.tlog\link.84620-cvtres.read.1.tlog
c:\users\benfclark\documents\github\aossimcpp\aossimcpp\debug\aossimcpp.tlog\link.84620-cvtres.write.1.tlog
c:\users\benfclark\documents\github\aossimcpp\aossimcpp\debug\aossimcpp.tlog\link.84620-rc.read.1.tlog
c:\users\benfclark\documents\github\aossimcpp\aossimcpp\debug\aossimcpp.tlog\link.84620-rc.write.1.tlog
c:\users\benfclark\documents\github\aossimcpp\aossimcpp\debug\aossimcpp.tlog\link.84620.read.1.tlog
c:\users\benfclark\documents\github\aossimcpp\aossimcpp\debug\aossimcpp.tlog\link.84620.write.1.tlog
c:\users\benfclark\documents\github\aossimcpp\aossimcpp\debug\aossimcpp.tlog\link.command.1.tlog
c:\users\benfclark\documents\github\aossimcpp\aossimcpp\debug\aossimcpp.tlog\link.read.1.tlog
c:\users\benfclark\documents\github\aossimcpp\aossimcpp\debug\aossimcpp.tlog\link.write.1.tlog
